nohup: ignorando entrada
[INFO] Scanning for projects...
[INFO] 
[INFO] -------------------------< com.itau:challenge >-------------------------
[INFO] Building challenge 0.0.1-SNAPSHOT
[INFO]   from pom.xml
[INFO] --------------------------------[ jar ]---------------------------------
[INFO] 
[INFO] >>> spring-boot:4.0.0:run (default-cli) > test-compile @ challenge >>>
[INFO] 
[INFO] --- resources:3.3.1:resources (default-resources) @ challenge ---
[INFO] Copying 1 resource from src/main/resources to target/classes
[INFO] Copying 0 resource from src/main/resources to target/classes
[INFO] 
[INFO] --- compiler:3.14.1:compile (default-compile) @ challenge ---
[INFO] Recompiling the module because of changed source code.
[INFO] Compiling 7 source files with javac [debug parameters release 21] to target/classes
[INFO] -------------------------------------------------------------
[ERROR] COMPILATION ERROR : 
[INFO] -------------------------------------------------------------
[ERROR] /home/jurineide/Downloads/challenge/src/main/java/com/itau/challenge/adapter/JjwtParserAdapter.java:[16,38] package com.fasterxml.jackson.databind does not exist
[ERROR] /home/jurineide/Downloads/challenge/src/main/java/com/itau/challenge/adapter/JjwtParserAdapter.java:[25,19] cannot find symbol
  symbol:   class ObjectMapper
  location: class com.itau.challenge.adapter.JjwtParserAdapter
[ERROR] /home/jurineide/Downloads/challenge/src/main/java/com/itau/challenge/adapter/JjwtParserAdapter.java:[25,45] cannot find symbol
  symbol:   class ObjectMapper
  location: class com.itau.challenge.adapter.JjwtParserAdapter
[ERROR] /home/jurineide/Downloads/challenge/src/main/java/com/itau/challenge/adapter/JjwtParserAdapter.java:[59,24] cannot find symbol
  symbol:   class SimpleClaims
  location: class com.itau.challenge.adapter.JjwtParserAdapter
[INFO] 4 errors 
[INFO] -------------------------------------------------------------
[INFO] ------------------------------------------------------------------------
[INFO] BUILD FAILURE
[INFO] ------------------------------------------------------------------------
[INFO] Total time:  0.873 s
[INFO] Finished at: 2025-12-03T20:50:32-03:00
[INFO] ------------------------------------------------------------------------
[ERROR] Failed to execute goal org.apache.maven.plugins:maven-compiler-plugin:3.14.1:compile (default-compile) on project challenge: Compilation failure: Compilation failure: 
[ERROR] /home/jurineide/Downloads/challenge/src/main/java/com/itau/challenge/adapter/JjwtParserAdapter.java:[16,38] package com.fasterxml.jackson.databind does not exist
[ERROR] /home/jurineide/Downloads/challenge/src/main/java/com/itau/challenge/adapter/JjwtParserAdapter.java:[25,19] cannot find symbol
[ERROR]   symbol:   class ObjectMapper
[ERROR]   location: class com.itau.challenge.adapter.JjwtParserAdapter
[ERROR] /home/jurineide/Downloads/challenge/src/main/java/com/itau/challenge/adapter/JjwtParserAdapter.java:[25,45] cannot find symbol
[ERROR]   symbol:   class ObjectMapper
[ERROR]   location: class com.itau.challenge.adapter.JjwtParserAdapter
[ERROR] /home/jurineide/Downloads/challenge/src/main/java/com/itau/challenge/adapter/JjwtParserAdapter.java:[59,24] cannot find symbol
[ERROR]   symbol:   class SimpleClaims
[ERROR]   location: class com.itau.challenge.adapter.JjwtParserAdapter
[ERROR] -> [Help 1]
[ERROR] 
[ERROR] To see the full stack trace of the errors, re-run Maven with the -e switch.
[ERROR] Re-run Maven using the -X switch to enable full debug logging.
[ERROR] 
[ERROR] For more information about the errors and possible solutions, please read the following articles:
[ERROR] [Help 1] http://cwiki.apache.org/confluence/display/MAVEN/MojoFailureException
